<?xml version="1.0" encoding="UTF-8"?>
<!-- Generated by org.testng.reporters.JUnitXMLReporter -->
<testsuite hostname="DESKTOP-ET8BJ37" ignored="0" name="Test" tests="7" failures="0" timestamp="20 Aug 2019 18:25:43 GMT" time="0.195" errors="0">
  <testcase name="tc5" time="0.019" classname="org.india.TestNG1.AA"/>
  <testcase name="tc6" time="0.008" classname="org.india.TestNG1.AA"/>
  <testcase name="tc7" time="0.01" classname="org.india.TestNG1.AA"/>
  <testcase name="tc1" time="0.018" classname="org.india.TestNG1.A"/>
  <testcase name="tc2" time="0.001" classname="org.india.TestNG1.A"/>
  <testcase name="tc3" time="0.001" classname="org.india.TestNG1.A"/>
  <testcase name="tc4" time="0.003" classname="org.india.TestNG1.A"/>
</testsuite> <!-- Test -->
